<?xml version="1.0" encoding="UTF-8" ?>
<testsuite errors="0" failures="17" hostname="DESKTOP-L4C04RS" name="lu.sofeware.demo.Test" skipped="0" tests="27" time="0.076" timestamp="2018-05-15T10:46:12">
  <properties>
[...]
</properties>
  <testcase classname="lu.sofeware.demo.Test" name="test" time="0.002" />
  <testcase classname="lu.sofeware.demo.Test" name="test1" time="0.0" />
  <testcase classname="lu.sofeware.demo.Test" name="test6" time="0.004">
    <failure message="expected:&lt;05-04-2018&gt; but was:&lt;格式错误，请以xx-xx-xxxx格式输入&gt;" type="junit.framework.ComparisonFailure">junit.framework.ComparisonFailure: expected:&lt;05-04-2018&gt; but was:&lt;格式错误，请以xx-xx-xxxx格式输入&gt;
	at lu.sofeware.demo.Test.test6(Unknown Source)
</failure>
  </testcase>
  <testcase classname="lu.sofeware.demo.Test" name="test8" time="0.001">
    <failure message="expected:&lt;05-04-2018&gt; but was:&lt;格式错误，请以xx-xx-xxxx格式输入&gt;" type="junit.framework.ComparisonFailure">junit.framework.ComparisonFailure: expected:&lt;05-04-2018&gt; but was:&lt;格式错误，请以xx-xx-xxxx格式输入&gt;
	at lu.sofeware.demo.Test.test8(Unknown Source)
</failure>
  </testcase>
  <testcase classname="lu.sofeware.demo.Test" name="test10" time="0.001">
    <failure message="expected:&lt;05-04-2018&gt; but was:&lt;格式错误，请以xx-xx-xxxx格式输入&gt;" type="junit.framework.ComparisonFailure">junit.framework.ComparisonFailure: expected:&lt;05-04-2018&gt; but was:&lt;格式错误，请以xx-xx-xxxx格式输入&gt;
	at lu.sofeware.demo.Test.test10(Unknown Source)
</failure>
  </testcase>
  <testcase classname="lu.sofeware.demo.Test" name="test11" time="0.001">
    <failure message="expected:&lt;05-04-2018&gt; but was:&lt;格式错误，请以xx-xx-xxxx格式输入&gt;" type="junit.framework.ComparisonFailure">junit.framework.ComparisonFailure: expected:&lt;05-04-2018&gt; but was:&lt;格式错误，请以xx-xx-xxxx格式输入&gt;
	at lu.sofeware.demo.Test.test11(Unknown Source)
</failure>
  </testcase>
  <testcase classname="lu.sofeware.demo.Test" name="test13" time="0.001">
    <failure message="expected:&lt;05-04-2018&gt; but was:&lt;天数错误&gt;" type="junit.framework.ComparisonFailure">junit.framework.ComparisonFailure: expected:&lt;05-04-2018&gt; but was:&lt;天数错误&gt;
	at lu.sofeware.demo.Test.test13(Unknown Source)
</failure>
  </testcase>
  <testcase classname="lu.sofeware.demo.Test" name="test20" time="0.001">
    <failure message="expected:&lt;05-04-2018&gt; but was:&lt;不可存在字母&gt;" type="junit.framework.ComparisonFailure">junit.framework.ComparisonFailure: expected:&lt;05-04-2018&gt; but was:&lt;不可存在字母&gt;
	at lu.sofeware.demo.Test.test20(Unknown Source)
</failure>
  </testcase>
  <testcase classname="lu.sofeware.demo.Test" name="test9" time="0.001">
    <failure message="expected:&lt;...1...&gt; but was:&lt;...0...&gt;" type="junit.framework.ComparisonFailure">junit.framework.ComparisonFailure: expected:&lt;...1...&gt; but was:&lt;...0...&gt;
	at lu.sofeware.demo.Test.test9(Unknown Source)
</failure>
  </testcase>
  <testcase classname="lu.sofeware.demo.Test" name="test12" time="0.001">
    <failure message="expected:&lt;05...&gt; but was:&lt;13...&gt;" type="junit.framework.ComparisonFailure">junit.framework.ComparisonFailure: expected:&lt;05...&gt; but was:&lt;13...&gt;
	at lu.sofeware.demo.Test.test12(Unknown Source)
</failure>
  </testcase>
  <testcase classname="lu.sofeware.demo.Test" name="test3" time="0.0" />
  <testcase classname="lu.sofeware.demo.Test" name="test17" time="0.001">
    <failure message="expected:&lt;02-29-2018&gt; but was:&lt;天数错误&gt;" type="junit.framework.ComparisonFailure">junit.framework.ComparisonFailure: expected:&lt;02-29-2018&gt; but was:&lt;天数错误&gt;
	at lu.sofeware.demo.Test.test17(Unknown Source)
</failure>
  </testcase>
  <testcase classname="lu.sofeware.demo.Test" name="test25" time="0.001" />
  <testcase classname="lu.sofeware.demo.Test" name="test2" time="0.001" />
  <testcase classname="lu.sofeware.demo.Test" name="test4" time="0.0" />
  <testcase classname="lu.sofeware.demo.Test" name="test14" time="0.0">
    <failure message="expected:&lt;05-04-2018&gt; but was:&lt;格式错误，请以xx-xx-xxxx格式输入&gt;" type="junit.framework.ComparisonFailure">junit.framework.ComparisonFailure: expected:&lt;05-04-2018&gt; but was:&lt;格式错误，请以xx-xx-xxxx格式输入&gt;
	at lu.sofeware.demo.Test.test14(Unknown Source)
</failure>
  </testcase>
  <testcase classname="lu.sofeware.demo.Test" name="test18" time="0.0" />
  <testcase classname="lu.sofeware.demo.Test" name="test19" time="0.001">
    <failure message="expected:&lt;04-31-2018&gt; but was:&lt;天数错误&gt;" type="junit.framework.ComparisonFailure">junit.framework.ComparisonFailure: expected:&lt;04-31-2018&gt; but was:&lt;天数错误&gt;
	at lu.sofeware.demo.Test.test19(Unknown Source)
</failure>
  </testcase>
  <testcase classname="lu.sofeware.demo.Test" name="test15" time="0.0">
    <failure message="expected:&lt;05-04-2018&gt; but was:&lt;不可存在汉字&gt;" type="junit.framework.ComparisonFailure">junit.framework.ComparisonFailure: expected:&lt;05-04-2018&gt; but was:&lt;不可存在汉字&gt;
	at lu.sofeware.demo.Test.test15(Unknown Source)
</failure>
  </testcase>
  <testcase classname="lu.sofeware.demo.Test" name="test16" time="0.0" />
  <testcase classname="lu.sofeware.demo.Test" name="test22" time="0.0">
    <failure message="expected:&lt;4&gt; but was:&lt;3&gt;" type="junit.framework.AssertionFailedError">junit.framework.AssertionFailedError: expected:&lt;4&gt; but was:&lt;3&gt;
	at lu.sofeware.demo.Test.test22(Unknown Source)
</failure>
  </testcase>
  <testcase classname="lu.sofeware.demo.Test" name="test26" time="0.0">
    <failure message="expected:&lt;1&gt; but was:&lt;-1&gt;" type="junit.framework.AssertionFailedError">junit.framework.AssertionFailedError: expected:&lt;1&gt; but was:&lt;-1&gt;
	at lu.sofeware.demo.Test.test26(Unknown Source)
</failure>
  </testcase>
  <testcase classname="lu.sofeware.demo.Test" name="test5" time="0.001">
    <failure message="expected:&lt;05-04-2018&gt; but was:&lt;&gt;" type="junit.framework.ComparisonFailure">junit.framework.ComparisonFailure: expected:&lt;05-04-2018&gt; but was:&lt;&gt;
	at lu.sofeware.demo.Test.test5(Unknown Source)
</failure>
  </testcase>
  <testcase classname="lu.sofeware.demo.Test" name="test7" time="0.001">
    <failure message="expected:&lt;05-04-2018&gt; but was:&lt;格式错误，请以xx-xx-xxxx格式输入&gt;" type="junit.framework.ComparisonFailure">junit.framework.ComparisonFailure: expected:&lt;05-04-2018&gt; but was:&lt;格式错误，请以xx-xx-xxxx格式输入&gt;
	at lu.sofeware.demo.Test.test7(Unknown Source)
</failure>
  </testcase>
  <testcase classname="lu.sofeware.demo.Test" name="test23" time="0.0" />
  <testcase classname="lu.sofeware.demo.Test" name="test24" time="0.0" />
  <testcase classname="lu.sofeware.demo.Test" name="test21" time="0.0">
    <failure message="expected:&lt;2&gt; but was:&lt;3&gt;" type="junit.framework.AssertionFailedError">junit.framework.AssertionFailedError: expected:&lt;2&gt; but was:&lt;3&gt;
	at lu.sofeware.demo.Test.test21(Unknown Source)
</failure>
  </testcase>
  <system-out><![CDATA[不为闰年
0=05-04-2018
不为闰年
1=05-04-2018
6=格式错误，请以xx-xx-xxxx格式输入
8=格式错误，请以xx-xx-xxxx格式输入
10=格式错误，请以xx-xx-xxxx格式输入
11=格式错误，请以xx-xx-xxxx格式输入
不为闰年
13=天数错误
20=不可存在字母
不为闰年
9=05-04-2008
不为闰年
12=13-04-2018
不为闰年
3=05-04-2018
不为闰年
17=天数错误
不为闰年
2=05-04-2018
不为闰年
4=05-04-2018
14=格式错误，请以xx-xx-xxxx格式输入
不为闰年
18=04-30-2018
不为闰年
1=天数错误
15=不可存在汉字
不为闰年
16=02-28-2018
5=
7=格式错误，请以xx-xx-xxxx格式输入
]]></system-out>
  <system-err><![CDATA[]]></system-err>
</testsuite>
